{
  "RSpec": {
    "coverage": {
      "/Users/user/Codes/Rails/la_corsa/config/environment.rb": [
        null,
        1,
        null,
        null,
        1
      ],
      "/Users/user/Codes/Rails/la_corsa/config/application.rb": [
        1,
        null,
        1,
        null,
        1,
        null,
        1,
        null,
        null,
        null,
        null,
        1,
        1,
        null,
        null,
        null,
        null,
        null,
        null,
        null,
        null,
        null,
        null,
        null,
        null,
        null,
        null,
        null,
        null,
        null,
        null,
        null,
        null,
        null,
        null,
        null,
        1,
        null,
        null,
        1,
        null,
        null,
        1,
        null,
        null,
        null,
        null,
        null,
        null,
        null,
        null,
        null,
        null,
        1,
        null,
        null,
        1,
        null,
        null,
        1,
        null,
        null
      ],
      "/Users/user/Codes/Rails/la_corsa/config/boot.rb": [
        1,
        null,
        null,
        1,
        null,
        1
      ],
      "/Users/user/Codes/Rails/la_corsa/config/environments/test.rb": [
        1,
        null,
        null,
        null,
        null,
        null,
        null,
        1,
        null,
        null,
        1,
        1,
        null,
        null,
        1,
        null,
        null,
        1,
        1,
        null,
        null,
        1,
        null,
        null,
        1,
        null,
        null,
        null,
        null,
        1,
        null,
        null,
        1,
        null,
        null,
        1,
        null
      ],
      "/Users/user/Codes/Rails/la_corsa/config/initializers/backtrace_silencers.rb": [
        null,
        null,
        null,
        null,
        null,
        null,
        null
      ],
      "/Users/user/Codes/Rails/la_corsa/config/initializers/devise.rb": [
        null,
        null,
        1,
        null,
        null,
        null,
        1,
        null,
        null,
        null,
        null,
        null,
        1,
        null,
        null,
        null,
        null,
        null,
        null,
        null,
        null,
        1,
        null,
        null,
        null,
        null,
        null,
        null,
        null,
        null,
        null,
        null,
        null,
        null,
        null,
        null,
        null,
        null,
        null,
        null,
        null,
        null,
        null,
        1,
        null,
        null,
        null,
        null,
        1,
        null,
        null,
        null,
        null,
        null,
        null,
        null,
        null,
        null,
        null,
        null,
        null,
        null,
        null,
        null,
        null,
        null,
        null,
        null,
        null,
        null,
        null,
        null,
        null,
        null,
        null,
        null,
        null,
        null,
        null,
        1,
        null,
        null,
        null,
        null,
        null,
        null,
        null,
        null,
        null,
        null,
        null,
        null,
        null,
        null,
        null,
        null,
        1,
        null,
        null,
        null,
        null,
        null,
        null,
        null,
        null,
        null,
        null,
        null,
        null,
        null,
        null,
        null,
        null,
        null,
        null,
        null,
        null,
        null,
        null,
        null,
        null,
        1,
        null,
        null,
        null,
        null,
        null,
        null,
        null,
        null,
        null,
        null,
        null,
        null,
        null,
        null,
        null,
        null,
        null,
        1,
        null,
        null,
        null,
        null,
        null,
        null,
        null,
        null,
        null,
        null,
        null,
        null,
        null,
        null,
        null,
        null,
        null,
        null,
        null,
        null,
        null,
        null,
        null,
        null,
        null,
        null,
        null,
        null,
        null,
        null,
        null,
        null,
        null,
        null,
        null,
        null,
        null,
        null,
        null,
        null,
        null,
        null,
        null,
        null,
        null,
        null,
        null,
        null,
        1,
        null,
        null,
        null,
        null,
        null,
        null,
        null,
        null,
        null,
        null,
        null,
        null,
        null,
        null,
        null,
        null,
        null,
        null,
        null,
        null,
        null,
        null,
        null,
        null,
        null,
        null,
        null,
        null,
        null,
        null,
        null,
        null,
        null,
        null,
        null,
        null,
        null,
        1,
        null,
        null,
        null,
        null,
        null,
        null,
        null,
        null,
        null,
        null,
        null,
        null,
        null,
        null,
        null,
        null,
        null,
        null,
        null,
        null,
        null,
        null,
        null,
        null,
        null,
        null,
        null,
        null,
        null
      ],
      "/Users/user/Codes/Rails/la_corsa/config/initializers/inflections.rb": [
        null,
        null,
        null,
        null,
        null,
        null,
        null,
        null,
        null,
        null,
        null,
        null,
        null,
        null,
        null
      ],
      "/Users/user/Codes/Rails/la_corsa/config/initializers/mime_types.rb": [
        null,
        null,
        null,
        null,
        null
      ],
      "/Users/user/Codes/Rails/la_corsa/config/initializers/secret_token.rb": [
        null,
        null,
        null,
        null,
        null,
        null,
        1
      ],
      "/Users/user/Codes/Rails/la_corsa/config/initializers/session_store.rb": [
        null,
        null,
        1,
        null,
        null,
        null,
        null,
        null
      ],
      "/Users/user/Codes/Rails/la_corsa/config/initializers/wrap_parameters.rb": [
        null,
        null,
        null,
        null,
        null,
        null,
        1,
        1,
        null,
        null,
        null,
        1,
        1,
        null
      ],
      "/Users/user/Codes/Rails/la_corsa/config/routes.rb": [
        1,
        1,
        null,
        null,
        1,
        1,
        1,
        1,
        null,
        null,
        1,
        1,
        null,
        1,
        1,
        1,
        null,
        null,
        null,
        1,
        1,
        1,
        1,
        1,
        1,
        1,
        1,
        null,
        null,
        null,
        1,
        1,
        1,
        null,
        1,
        null,
        null,
        null,
        null,
        null,
        null,
        null,
        null,
        null,
        null,
        null,
        null,
        null,
        null,
        null,
        null,
        null,
        null,
        null,
        null,
        null,
        null,
        null,
        null,
        null,
        null,
        null,
        null,
        null,
        null,
        null,
        null,
        null,
        null,
        null,
        null,
        null,
        null,
        null,
        null,
        null,
        null,
        null,
        null,
        null,
        null,
        null,
        null,
        null,
        null,
        null,
        null,
        null,
        null,
        null,
        null,
        null,
        null,
        null,
        null,
        null
      ],
      "/Users/user/Codes/Rails/la_corsa/app/models/user.rb": [
        1,
        null,
        1,
        1,
        null,
        1,
        1,
        null,
        null,
        null,
        1,
        null,
        1,
        1,
        1,
        null,
        1,
        1,
        1,
        1,
        null,
        null,
        1,
        null,
        null,
        null,
        null
      ],
      "/Users/user/Codes/Rails/la_corsa/app/controllers/application_controller.rb": [
        1,
        1,
        null,
        1,
        107,
        null,
        null,
        null,
        null,
        null,
        null,
        null,
        null
      ],
      "/Users/user/Codes/Rails/la_corsa/app/helpers/application_helper.rb": [
        1,
        null,
        null,
        1,
        46,
        46,
        19,
        null,
        27,
        null,
        null,
        null
      ],
      "/Users/user/Codes/Rails/la_corsa/app/helpers/pages_helper.rb": [
        1,
        null,
        1,
        35,
        null,
        null,
        1,
        7,
        null,
        null,
        1,
        42,
        null,
        null,
        null
      ],
      "/Users/user/Codes/Rails/la_corsa/app/helpers/study_materials_helper.rb": [
        1,
        null,
        null,
        null,
        null
      ],
      "/Users/user/Codes/Rails/la_corsa/app/controllers/courses_controller.rb": [
        1,
        null,
        1,
        24,
        3,
        1,
        1,
        null,
        1,
        null,
        null,
        1,
        6,
        6,
        5,
        3,
        null,
        2,
        null,
        null,
        1,
        null,
        6,
        null,
        null,
        1,
        1,
        null,
        null,
        1,
        2,
        1,
        1,
        null,
        1,
        1,
        null,
        null,
        null,
        1,
        2,
        2,
        1,
        1,
        1,
        1,
        null,
        null,
        null,
        1,
        9,
        8,
        8,
        4,
        null,
        4,
        null,
        null,
        1,
        null,
        9,
        null,
        null,
        1,
        3,
        1,
        null,
        2,
        2,
        null,
        3,
        null,
        null,
        1,
        null,
        1,
        25,
        25,
        null,
        null,
        null,
        1,
        2,
        null,
        null,
        1,
        16,
        null,
        null,
        1,
        14,
        14,
        3,
        3,
        3,
        null,
        null,
        null,
        null
      ],
      "/Users/user/Codes/Rails/la_corsa/app/models/course.rb": [
        1,
        null,
        1,
        1,
        1,
        1,
        null,
        1,
        1,
        1,
        null,
        null,
        1,
        1,
        null,
        1,
        null,
        1,
        1,
        1,
        null,
        1,
        90,
        148,
        38,
        null,
        null,
        null,
        1,
        90,
        null,
        null,
        1,
        3,
        3,
        null,
        null,
        1,
        6,
        null,
        null,
        1,
        1,
        1,
        1,
        null,
        null,
        1,
        148,
        null,
        null
      ],
      "/Users/user/Codes/Rails/la_corsa/app/controllers/learning_processes_controller.rb": [
        1,
        null,
        1,
        1,
        null,
        1,
        null,
        1,
        1,
        null,
        null,
        1,
        2,
        null,
        null,
        1,
        6,
        null,
        null,
        1,
        6,
        null,
        null,
        1,
        4,
        null,
        null,
        1,
        9,
        null,
        null,
        1,
        18,
        18,
        18,
        35,
        1,
        1,
        null,
        null,
        null,
        1,
        5,
        1,
        null,
        4,
        1,
        null,
        3,
        null,
        null,
        null,
        null,
        null,
        1,
        2,
        2,
        null,
        null,
        1,
        null,
        1,
        53,
        53,
        null,
        null,
        1,
        2,
        1,
        null,
        null,
        1,
        6,
        null,
        null,
        1,
        19,
        null,
        null,
        1,
        20,
        null,
        null,
        1,
        12,
        null,
        null
      ],
      "/Users/user/Codes/Rails/la_corsa/app/models/learning_process.rb": [
        1,
        null,
        1,
        1,
        1,
        null,
        null,
        1,
        null,
        1,
        1,
        1,
        null,
        3,
        3,
        3,
        null,
        1,
        null,
        null,
        1,
        null,
        null,
        null,
        null,
        null,
        1,
        1,
        null,
        null,
        1,
        1,
        null,
        null,
        1,
        1,
        null,
        null,
        1,
        1,
        null,
        null,
        1,
        1,
        null,
        null,
        1,
        1,
        null,
        null,
        1,
        6,
        5,
        5,
        null,
        null,
        1,
        4,
        1,
        1,
        null,
        null,
        1,
        16,
        16,
        16,
        null,
        null,
        1,
        9,
        8,
        8,
        8,
        null,
        null,
        1,
        19,
        null,
        null,
        1,
        3,
        3,
        3,
        null,
        null,
        1,
        2,
        1,
        1,
        null,
        null,
        null
      ],
      "/Users/user/Codes/Rails/la_corsa/app/controllers/pages_controller.rb": [
        1,
        null,
        1,
        null,
        1,
        20,
        20,
        13,
        13,
        null,
        null,
        null,
        1,
        3,
        null,
        null,
        1,
        23,
        null,
        null,
        null,
        null
      ],
      "/Users/user/Codes/Rails/la_corsa/app/controllers/study_materials_controller.rb": [
        1,
        null,
        1,
        1,
        1,
        null,
        1,
        null,
        null,
        1,
        5,
        5,
        3,
        null,
        2,
        null,
        5,
        null,
        null,
        1,
        1,
        null,
        null,
        1,
        2,
        2,
        1,
        1,
        1,
        1,
        null,
        null,
        null,
        1,
        2,
        2,
        1,
        1,
        1,
        null,
        null,
        null,
        1,
        7,
        7,
        6,
        3,
        3,
        null,
        3,
        3,
        null,
        1,
        1,
        1,
        null,
        null,
        null,
        1,
        3,
        2,
        1,
        null,
        1,
        1,
        null,
        null,
        1,
        null,
        3,
        null,
        null,
        1,
        2,
        2,
        null,
        null,
        1,
        null,
        1,
        24,
        24,
        null,
        null,
        1,
        9,
        null,
        null,
        1,
        2,
        null,
        null,
        1,
        8,
        null,
        null,
        1,
        6,
        6,
        1,
        1,
        null,
        null,
        null,
        null
      ],
      "/Users/user/Codes/Rails/la_corsa/app/models/study_material.rb": [
        1,
        null,
        1,
        1,
        1,
        null,
        1,
        null,
        1,
        1,
        1,
        1,
        null,
        null,
        null,
        null
      ],
      "/Users/user/Codes/Rails/la_corsa/app/controllers/users_controller.rb": [
        1,
        null
      ],
      "/Users/user/Codes/Rails/la_corsa/app/models/course_material.rb": [
        1,
        null,
        1,
        1,
        null,
        1,
        null,
        1,
        1,
        1,
        null,
        1,
        null
      ],
      "/Users/user/Codes/Rails/la_corsa/spec/factories.rb": [
        null,
        null,
        1,
        1,
        232,
        232,
        1,
        1,
        1,
        1,
        null,
        null,
        1,
        1,
        1,
        1,
        1,
        null,
        null,
        1,
        92,
        1,
        1,
        1,
        null,
        null,
        null
      ],
      "/Users/user/Codes/Rails/la_corsa/spec/support/devise.rb": [
        1,
        1,
        null
      ],
      "/Users/user/Codes/Rails/la_corsa/spec/controllers/learning_processes_controller_spec.rb": [
        1,
        null,
        1,
        null,
        1,
        null,
        1,
        1,
        1,
        null,
        null,
        1,
        1,
        23,
        23,
        23,
        null,
        null,
        1,
        1,
        1,
        null,
        null,
        1,
        null,
        1,
        1,
        1,
        1,
        null,
        null,
        null,
        1,
        1,
        1,
        1,
        null,
        null,
        1,
        1,
        1,
        1,
        null,
        null,
        null,
        null,
        1,
        1,
        1,
        1,
        1,
        1,
        null,
        null,
        null,
        1,
        1,
        1,
        1,
        1,
        1,
        null,
        null,
        1,
        1,
        1,
        null,
        null,
        null,
        null,
        1,
        1,
        2,
        2,
        null,
        1,
        1,
        null,
        1,
        1,
        1,
        null,
        null,
        null,
        1,
        1,
        2,
        2,
        null,
        1,
        1,
        1,
        1,
        null,
        1,
        1,
        1,
        null,
        null,
        null,
        1,
        1,
        2,
        2,
        null,
        null,
        1,
        1,
        null,
        null,
        1,
        1,
        1,
        1,
        null,
        null,
        null,
        1,
        1,
        2,
        2,
        null,
        null,
        1,
        1,
        1,
        1,
        null,
        1,
        1,
        1,
        null,
        null,
        null,
        null,
        1,
        1,
        2,
        null,
        null,
        1,
        1,
        1,
        1,
        null,
        1,
        1,
        1,
        null,
        null,
        null,
        1,
        1,
        6,
        null,
        null,
        1,
        1,
        1,
        1,
        1,
        null,
        null,
        null,
        1,
        1,
        1,
        1,
        1,
        null,
        null,
        null,
        null,
        1,
        1,
        1,
        1,
        1,
        1,
        null,
        null,
        null,
        1,
        1,
        1,
        1,
        null,
        null,
        null,
        null,
        1,
        1,
        1,
        1,
        1,
        1,
        1,
        null,
        null,
        null,
        1,
        1,
        1,
        1,
        null,
        null,
        null,
        null,
        null,
        null,
        null,
        null,
        null,
        null
      ],
      "/Users/user/Codes/Rails/la_corsa/spec/controllers/pages_controller_spec.rb": [
        1,
        null,
        1,
        1,
        null,
        1,
        1,
        1,
        1,
        null,
        null,
        1,
        1,
        1,
        null,
        null,
        null,
        1,
        null,
        1,
        2,
        null,
        null,
        1,
        1,
        null,
        null,
        1,
        1,
        null,
        null,
        null,
        null,
        1,
        null,
        1,
        3,
        3,
        3,
        null,
        null,
        1,
        1,
        null,
        null,
        1,
        1,
        null,
        null,
        1,
        1,
        null,
        null,
        null,
        null,
        null,
        1,
        1,
        1,
        1,
        null,
        null,
        1,
        1,
        1,
        null,
        null,
        null,
        null,
        null
      ],
      "/Users/user/Codes/Rails/la_corsa/spec/controllers/study_materials_controller_spec.rb": [
        1,
        null,
        1,
        null,
        1,
        null,
        1,
        1,
        1,
        1,
        1,
        null,
        1,
        1,
        1,
        null,
        null,
        null,
        1,
        null,
        1,
        1,
        21,
        21,
        null,
        null,
        1,
        1,
        1,
        null,
        null,
        1,
        1,
        5,
        null,
        null,
        1,
        1,
        1,
        1,
        null,
        null,
        null,
        1,
        1,
        1,
        null,
        null,
        null,
        1,
        1,
        3,
        null,
        1,
        1,
        1,
        null,
        null,
        1,
        1,
        1,
        null,
        1,
        1,
        1,
        null,
        null,
        null,
        null,
        1,
        1,
        1,
        null,
        1,
        1,
        1,
        null,
        null,
        null,
        1,
        1,
        6,
        null,
        null,
        1,
        1,
        3,
        3,
        3,
        null,
        null,
        1,
        1,
        1,
        null,
        null,
        1,
        1,
        null,
        null,
        1,
        1,
        null,
        null,
        null,
        1,
        1,
        3,
        null,
        null,
        1,
        1,
        1,
        null,
        null,
        1,
        1,
        null,
        null,
        1,
        1,
        null,
        null,
        null,
        null,
        1,
        1,
        2,
        null,
        null,
        1,
        1,
        1,
        null,
        null,
        null,
        1,
        1,
        1,
        1,
        null,
        null,
        null,
        null,
        1,
        1,
        1,
        1,
        null,
        1,
        1,
        1,
        null,
        null,
        null,
        1,
        1,
        1,
        1,
        1,
        null,
        null,
        1,
        1,
        1,
        null,
        null,
        null,
        1,
        1,
        1,
        1,
        1,
        null,
        1,
        1,
        1,
        null,
        null,
        null,
        null,
        1,
        1,
        3,
        3,
        3,
        3,
        null,
        null,
        1,
        1,
        1,
        1,
        null,
        null,
        null,
        1,
        1,
        1,
        1,
        null,
        null,
        null,
        1,
        1,
        1,
        1,
        null,
        null,
        null,
        null,
        null,
        null,
        null,
        null
      ],
      "/Users/user/Codes/Rails/la_corsa/spec/models/course_material_spec.rb": [
        1,
        1,
        null,
        9,
        9,
        1,
        8,
        null,
        null,
        9,
        null,
        9,
        null,
        2,
        2,
        2,
        2,
        2,
        null,
        1,
        2,
        2,
        null,
        null,
        1,
        2,
        2,
        null,
        null,
        1,
        2,
        2,
        null,
        null
      ],
      "/Users/user/Codes/Rails/la_corsa/spec/models/course_spec.rb": [
        1,
        1,
        null,
        21,
        21,
        null,
        12,
        null,
        2,
        2,
        2,
        2,
        2,
        null,
        2,
        2,
        null,
        1,
        1,
        1,
        1,
        null,
        null,
        1,
        1,
        1,
        null,
        null,
        1,
        1,
        1,
        null,
        null,
        1,
        1,
        1,
        null,
        null,
        1,
        1,
        1,
        null,
        null,
        null,
        null,
        1,
        2,
        2,
        null,
        null,
        1,
        2,
        2,
        null,
        null,
        1,
        2,
        2,
        null,
        null,
        1,
        2,
        2,
        null,
        null,
        null,
        1,
        null,
        1,
        1,
        null,
        1,
        1,
        null,
        null,
        1,
        1,
        1,
        1,
        1,
        1,
        null,
        null,
        null,
        null,
        null,
        1,
        null,
        1,
        2,
        null,
        1,
        2,
        null,
        1,
        2,
        null,
        null,
        1,
        1,
        null,
        null,
        1,
        1,
        1,
        1,
        1,
        2,
        null,
        null,
        null,
        null,
        null,
        1,
        1,
        1,
        null,
        1,
        1,
        null,
        1,
        1,
        null,
        1,
        1,
        null,
        1,
        1,
        null,
        1,
        1,
        1,
        1,
        1,
        1,
        null,
        null,
        null,
        null,
        null,
        null
      ],
      "/Users/user/Codes/Rails/la_corsa/spec/models/learning_process_spec.rb": [
        1,
        null,
        1,
        null,
        16,
        16,
        1,
        15,
        null,
        16,
        null,
        16,
        null,
        7,
        null,
        2,
        2,
        2,
        2,
        null,
        1,
        1,
        1,
        1,
        null,
        null,
        1,
        1,
        1,
        null,
        null,
        1,
        1,
        1,
        null,
        null,
        null,
        null,
        1,
        2,
        2,
        null,
        null,
        1,
        2,
        2,
        null,
        null,
        null,
        1,
        2,
        2,
        null,
        null,
        null,
        1,
        2,
        2,
        null,
        null,
        null,
        1,
        2,
        2,
        null,
        null,
        1,
        2,
        2,
        null,
        null,
        null,
        1,
        2,
        2,
        null,
        null,
        null,
        1,
        2,
        2,
        null,
        null,
        null
      ],
      "/Users/user/Codes/Rails/la_corsa/spec/models/study_material_spec.rb": [
        1,
        null,
        1,
        null,
        1,
        12,
        12,
        12,
        null,
        null,
        13,
        null,
        11,
        null,
        2,
        2,
        2,
        2,
        2,
        null,
        2,
        null,
        2,
        null,
        1,
        1,
        1,
        1,
        null,
        null,
        null,
        null,
        1,
        2,
        2,
        null,
        null,
        1,
        2,
        2,
        null,
        null,
        1,
        2,
        2,
        null,
        null,
        1,
        null,
        1,
        1,
        1,
        1,
        1,
        1,
        null,
        null,
        null,
        null,
        null
      ],
      "/Users/user/Codes/Rails/la_corsa/spec/models/user_spec.rb": [
        1,
        null,
        1,
        null,
        24,
        null,
        16,
        null,
        2,
        2,
        2,
        2,
        2,
        2,
        2,
        2,
        2,
        null,
        1,
        2,
        2,
        null,
        null,
        1,
        2,
        2,
        null,
        null,
        1,
        1,
        1,
        null,
        1,
        5,
        5,
        null,
        null,
        null,
        null,
        1,
        1,
        1,
        1,
        4,
        4,
        null,
        null,
        null,
        null,
        1,
        1,
        1,
        1,
        1,
        null,
        null,
        2,
        null,
        null,
        1,
        2,
        2,
        null,
        null,
        1,
        2,
        2,
        null,
        null,
        1,
        2,
        2,
        null,
        null,
        1,
        2,
        2,
        null,
        null,
        1,
        null,
        1,
        2,
        null,
        null,
        1,
        2,
        null,
        1,
        2,
        null,
        null,
        1,
        1,
        null,
        null,
        1,
        1,
        1,
        1,
        1,
        2,
        null,
        null,
        null,
        null,
        1,
        null,
        1,
        1,
        null,
        1,
        1,
        null,
        null,
        1,
        1,
        1,
        1,
        1,
        null,
        null,
        null,
        null,
        1,
        1,
        2,
        2,
        2,
        2,
        2,
        null,
        null,
        1,
        1,
        1,
        1,
        1,
        1,
        null,
        null,
        null,
        null,
        1,
        1,
        1,
        1,
        1,
        1,
        null,
        null,
        null,
        null,
        null
      ],
      "/Users/user/Codes/Rails/la_corsa/spec/requests/layout_links_spec.rb": [
        1,
        null,
        1,
        null,
        2,
        1,
        null,
        null,
        1,
        1,
        1,
        null,
        null,
        1,
        1,
        1,
        null,
        null,
        null,
        1,
        1,
        1,
        1,
        null,
        null,
        null,
        1,
        null,
        1,
        4,
        4,
        4,
        4,
        4,
        null,
        null,
        1,
        1,
        1,
        null,
        null,
        1,
        1,
        1,
        null,
        null,
        1,
        1,
        1,
        null,
        null,
        1,
        1,
        1,
        null,
        null,
        null,
        null
      ],
      "/Users/user/Codes/Rails/la_corsa/spec/requests/users_spec.rb": [
        1,
        null,
        1,
        null,
        1,
        null,
        1,
        null,
        1,
        1,
        1,
        1,
        1,
        1,
        1,
        1,
        1,
        null,
        null,
        null,
        null,
        null,
        1,
        1,
        1,
        1,
        1,
        1,
        1,
        1,
        1,
        1,
        1,
        1,
        1,
        null,
        null,
        null,
        null,
        null,
        null,
        1,
        null,
        1,
        1,
        1,
        1,
        1,
        1,
        1,
        null,
        null,
        null,
        1,
        1,
        1,
        1,
        1,
        1,
        1,
        1,
        1,
        1,
        null,
        null,
        null,
        null,
        null,
        null
      ]
    },
    "timestamp": 1410183946
  }
}
